<?xml version="1.0" encoding="UTF-8"?>
<!-- Generated by org.testng.reporters.JUnitReportReporter -->
<testsuite hostname="DESKTOP-S8JOV8U" failures="0" tests="2" name="com.testcases.AnnotationsInTestNg" time="0.007" errors="0" timestamp="2023-08-22T23:39:07 IST" skipped="0">
  <testcase classname="com.testcases.AnnotationsInTestNg" name="testcase1" time="0.005"/>
  <testcase classname="com.testcases.AnnotationsInTestNg" name="testcase2" time="0.002"/>
</testsuite> <!-- com.testcases.AnnotationsInTestNg -->
