<?xml version="1.0" encoding="UTF-8"?>
<!-- Generated by org.testng.reporters.JUnitReportReporter -->
<testsuite hostname="DESKTOP-S8JOV8U" failures="0" tests="3" name="com.testcases.ParellelExecution" time="79.712" errors="0" timestamp="2023-12-30T13:26:31 IST" skipped="0">
  <testcase classname="com.testcases.ParellelExecution" name="dataDrivenn" time="27.880"/>
  <testcase classname="com.testcases.ParellelExecution" name="verifyTitle" time="25.919"/>
  <testcase classname="com.testcases.ParellelExecution" name="tablecontent" time="25.913"/>
</testsuite> <!-- com.testcases.ParellelExecution -->
