<?xml version="1.0" encoding="UTF-8"?>
<!-- Generated by org.testng.reporters.JUnitReportReporter -->
<testsuite hostname="DESKTOP-S8JOV8U" failures="0" tests="1" name="com.tutorialsninjaqatestcases.LogInPage" time="11.566" errors="0" timestamp="2023-10-31T16:34:12 IST" skipped="0">
  <testcase classname="com.tutorialsninjaqatestcases.LogInPage" name="verifyLogin" time="11.566"/>
</testsuite> <!-- com.tutorialsninjaqatestcases.LogInPage -->
