<?xml version="1.0" encoding="UTF-8"?>
<!-- Generated by org.testng.reporters.JUnitReportReporter -->
<testsuite hostname="DESKTOP-S8JOV8U" failures="0" tests="4" name="com.testcases.GroupsInTestNg" time="0.010" errors="0" timestamp="2023-08-22T23:39:07 IST" skipped="0">
  <testcase classname="com.testcases.GroupsInTestNg" name="div" time="0.002"/>
  <testcase classname="com.testcases.GroupsInTestNg" name="sub" time="0.004"/>
  <testcase classname="com.testcases.GroupsInTestNg" name="add" time="0.002"/>
  <testcase classname="com.testcases.GroupsInTestNg" name="mul" time="0.002"/>
</testsuite> <!-- com.testcases.GroupsInTestNg -->
