<?xml version="1.0" encoding="UTF-8"?>
<!-- Generated by org.testng.reporters.JUnitReportReporter -->
<testsuite hostname="DESKTOP-S8JOV8U" failures="0" tests="1" name="omayo.testcases.VerifyTextTObeINsertOrNot" time="8.611" errors="0" timestamp="2023-08-17T15:42:57 IST" skipped="0">
  <testcase classname="omayo.testcases.VerifyTextTObeINsertOrNot" name="verifyTextTObeINsertOrNot" time="8.611"/>
</testsuite> <!-- omayo.testcases.VerifyTextTObeINsertOrNot -->
