<?xml version="1.0" encoding="UTF-8"?>
<!-- Generated by org.testng.reporters.JUnitReportReporter -->
<testsuite hostname="DESKTOP-S8JOV8U" failures="0" tests="4" name="com.testcases.PriorityOfTestCase" time="0.011" errors="0" timestamp="2023-08-22T23:39:07 IST" skipped="0">
  <testcase classname="com.testcases.PriorityOfTestCase" name="neha" time="0.002"/>
  <testcase classname="com.testcases.PriorityOfTestCase" name="priority" time="0.004"/>
  <testcase classname="com.testcases.PriorityOfTestCase" name="amit" time="0.002"/>
  <testcase classname="com.testcases.PriorityOfTestCase" name="baby" time="0.003"/>
</testsuite> <!-- com.testcases.PriorityOfTestCase -->
