<?xml version="1.0" encoding="UTF-8"?>
<!-- Generated by org.testng.reporters.JUnitReportReporter -->
<testsuite hostname="DESKTOP-S8JOV8U" failures="0" tests="1" name="com.testcases.GroupsInTestNg" time="0.014" errors="0" timestamp="2023-12-30T13:39:00 IST" skipped="0">
  <testcase classname="com.testcases.GroupsInTestNg" name="add" time="0.014"/>
</testsuite> <!-- com.testcases.GroupsInTestNg -->
