<?xml version="1.0" encoding="UTF-8"?>
<!-- Generated by org.testng.reporters.JUnitReportReporter -->
<testsuite hostname="DESKTOP-S8JOV8U" failures="0" tests="4" name="com.testcases.PriorityOfTestCase" time="0.032" errors="0" timestamp="2023-12-02T13:35:32 IST" skipped="0">
  <testcase classname="com.testcases.PriorityOfTestCase" name="neha" time="0.015"/>
  <testcase classname="com.testcases.PriorityOfTestCase" name="priority" time="0.005"/>
  <testcase classname="com.testcases.PriorityOfTestCase" name="amit" time="0.007"/>
  <testcase classname="com.testcases.PriorityOfTestCase" name="baby" time="0.005"/>
</testsuite> <!-- com.testcases.PriorityOfTestCase -->
