<?xml version="1.0" encoding="UTF-8"?>
<!-- Generated by org.testng.reporters.JUnitReportReporter -->
<testsuite hostname="DESKTOP-S8JOV8U" failures="0" tests="1" name="omayo.testcases.CheckBoxMultipleVerify" time="10.496" errors="0" timestamp="2023-08-22T23:44:30 IST" skipped="0">
  <testcase classname="omayo.testcases.CheckBoxMultipleVerify" name="verifyAllBOxesGetCheckOrNot" time="10.496"/>
</testsuite> <!-- omayo.testcases.CheckBoxMultipleVerify -->
