<?xml version="1.0" encoding="UTF-8"?>
<!-- Generated by org.testng.reporters.JUnitReportReporter -->
<testsuite hostname="DESKTOP-S8JOV8U" failures="0" tests="2" name="omayo.testcases.CheckBoxMultipleVerify" time="21.906" errors="0" timestamp="2023-08-24T00:20:36 IST" skipped="0">
  <testcase classname="omayo.testcases.CheckBoxMultipleVerify" name="verifyAllBOxesGetCheckOrNot" time="9.935"/>
  <testcase classname="omayo.testcases.CheckBoxMultipleVerify" name="verifyIfTwoCheckBoxesIsSelectedOrNot" time="11.971"/>
</testsuite> <!-- omayo.testcases.CheckBoxMultipleVerify -->
